2017-02-10T06:25:02+00:00 cs42016vm#00 I: Runner: processes
2017-02-10T06:25:02+00:00 cs42016vm#00 I: Chooser: simple
2017-02-10T06:25:02+00:00 cs42016vm#00 I: Configuration suite_name = "all"
2017-02-10T06:25:02+00:00 cs42016vm#00 I: Configuration cache_filename = "/home/student/Desktop/CS4/Assignment4/oUnit-$(suite_name).cache"
2017-02-10T06:25:02+00:00 cs42016vm#00 I: Configuration display = "true"
2017-02-10T06:25:02+00:00 cs42016vm#00 I: Configuration results_style_1_X = "false"
2017-02-10T06:25:02+00:00 cs42016vm#00 I: Configuration verbose = "false"
2017-02-10T06:25:02+00:00 cs42016vm#00 I: Configuration health_check_interval = "1."
2017-02-10T06:25:02+00:00 cs42016vm#00 I: Configuration testdata_dir = "none"
2017-02-10T06:25:02+00:00 cs42016vm#00 I: Configuration chooser = "simple"
2017-02-10T06:25:02+00:00 cs42016vm#00 I: Configuration output_html_dir = "none"
2017-02-10T06:25:02+00:00 cs42016vm#00 I: Configuration processes_kill_period = "5."
2017-02-10T06:25:02+00:00 cs42016vm#00 I: Configuration runner = "processes"
2017-02-10T06:25:02+00:00 cs42016vm#00 I: Configuration shards = "1"
2017-02-10T06:25:02+00:00 cs42016vm#00 I: Configuration processes_grace_period = "5."
2017-02-10T06:25:02+00:00 cs42016vm#00 I: Configuration log_encoding = "utf-8"
2017-02-10T06:25:02+00:00 cs42016vm#00 I: Configuration output_junit_file = "none"
2017-02-10T06:25:02+00:00 cs42016vm#00 I: Configuration output_file = "/home/student/Desktop/CS4/Assignment4/oUnit-$(suite_name)-$(shard_id).log"
2017-02-10T06:25:02+00:00 cs42016vm#00 I: Using 1 workers maximum.
2017-02-10T06:25:02+00:00 cs42016vm#00 I: Starting worker number cs42016vm#01.
2017-02-10T06:25:02+00:00 cs42016vm#00 I: Worker cs42016vm#01 started.
2017-02-10T06:25:02+00:00 cs42016vm#00 I: 1 tests running: all:0:Problem A.1.
2017-02-10T06:25:02+00:00 cs42016vm#01 I: Start test all:0:Problem A.1.
2017-02-10T06:25:02+00:00 cs42016vm#00 I: 1 tests running: all:0:Problem A.1.
2017-02-10T06:25:02+00:00 cs42016vm#01 I: Test all:0:Problem A.1 is successful.
2017-02-10T06:25:02+00:00 cs42016vm#00 I: 1 tests running: all:0:Problem A.1.
2017-02-10T06:25:02+00:00 cs42016vm#01 I: End test all:0:Problem A.1.
2017-02-10T06:25:02+00:00 cs42016vm#00 I: 1 tests running: all:0:Problem A.1.
2017-02-10T06:25:02+00:00 cs42016vm#00 I: 1 tests running: all:1:Problem A.2.
2017-02-10T06:25:02+00:00 cs42016vm#01 I: Start test all:1:Problem A.2.
2017-02-10T06:25:02+00:00 cs42016vm#00 I: 1 tests running: all:1:Problem A.2.
2017-02-10T06:25:02+00:00 cs42016vm#01 I: Test all:1:Problem A.2 is successful.
2017-02-10T06:25:02+00:00 cs42016vm#00 I: 1 tests running: all:1:Problem A.2.
2017-02-10T06:25:02+00:00 cs42016vm#01 I: End test all:1:Problem A.2.
2017-02-10T06:25:02+00:00 cs42016vm#00 I: 1 tests running: all:1:Problem A.2.
2017-02-10T06:25:02+00:00 cs42016vm#00 I: 1 tests running: all:2:Problem A.3.
2017-02-10T06:25:02+00:00 cs42016vm#01 I: Start test all:2:Problem A.3.
2017-02-10T06:25:02+00:00 cs42016vm#00 I: 1 tests running: all:2:Problem A.3.
2017-02-10T06:25:02+00:00 cs42016vm#01 I: Test all:2:Problem A.3 is successful.
2017-02-10T06:25:02+00:00 cs42016vm#00 I: 1 tests running: all:2:Problem A.3.
2017-02-10T06:25:02+00:00 cs42016vm#01 I: End test all:2:Problem A.3.
2017-02-10T06:25:02+00:00 cs42016vm#00 I: 1 tests running: all:2:Problem A.3.
2017-02-10T06:25:02+00:00 cs42016vm#00 I: 1 tests running: all:3:Problem A.4.
2017-02-10T06:25:02+00:00 cs42016vm#01 I: Start test all:3:Problem A.4.
2017-02-10T06:25:02+00:00 cs42016vm#00 I: 1 tests running: all:3:Problem A.4.
2017-02-10T06:25:02+00:00 cs42016vm#01 I: Test all:3:Problem A.4 is successful.
2017-02-10T06:25:02+00:00 cs42016vm#00 I: 1 tests running: all:3:Problem A.4.
2017-02-10T06:25:02+00:00 cs42016vm#01 I: End test all:3:Problem A.4.
2017-02-10T06:25:02+00:00 cs42016vm#00 I: 1 tests running: all:3:Problem A.4.
2017-02-10T06:25:02+00:00 cs42016vm#00 I: 1 tests running: all:4:Problem A.5.
2017-02-10T06:25:02+00:00 cs42016vm#01 I: Start test all:4:Problem A.5.
2017-02-10T06:25:02+00:00 cs42016vm#00 I: 1 tests running: all:4:Problem A.5.
2017-02-10T06:25:02+00:00 cs42016vm#01 I: Test all:4:Problem A.5 is successful.
2017-02-10T06:25:02+00:00 cs42016vm#00 I: 1 tests running: all:4:Problem A.5.
2017-02-10T06:25:02+00:00 cs42016vm#01 I: End test all:4:Problem A.5.
2017-02-10T06:25:02+00:00 cs42016vm#00 I: 1 tests running: all:4:Problem A.5.
2017-02-10T06:25:02+00:00 cs42016vm#00 I: 1 tests running: all:5:Problem A.6.
2017-02-10T06:25:02+00:00 cs42016vm#01 I: Start test all:5:Problem A.6.
2017-02-10T06:25:02+00:00 cs42016vm#00 I: 1 tests running: all:5:Problem A.6.
2017-02-10T06:25:02+00:00 cs42016vm#01 I: Test all:5:Problem A.6 is successful.
2017-02-10T06:25:02+00:00 cs42016vm#00 I: 1 tests running: all:5:Problem A.6.
2017-02-10T06:25:02+00:00 cs42016vm#01 I: End test all:5:Problem A.6.
2017-02-10T06:25:02+00:00 cs42016vm#00 I: 1 tests running: all:5:Problem A.6.
2017-02-10T06:25:02+00:00 cs42016vm#00 I: 1 tests running: all:6:Problem A.7.
2017-02-10T06:25:02+00:00 cs42016vm#01 I: Start test all:6:Problem A.7.
2017-02-10T06:25:02+00:00 cs42016vm#00 I: 1 tests running: all:6:Problem A.7.
2017-02-10T06:25:02+00:00 cs42016vm#01 I: Test all:6:Problem A.7 is successful.
2017-02-10T06:25:02+00:00 cs42016vm#00 I: 1 tests running: all:6:Problem A.7.
2017-02-10T06:25:02+00:00 cs42016vm#01 I: End test all:6:Problem A.7.
2017-02-10T06:25:02+00:00 cs42016vm#00 I: 1 tests running: all:6:Problem A.7.
2017-02-10T06:25:02+00:00 cs42016vm#00 I: 1 tests running: all:7:Problem B.1.
2017-02-10T06:25:02+00:00 cs42016vm#01 I: Start test all:7:Problem B.1.
2017-02-10T06:25:02+00:00 cs42016vm#00 I: 1 tests running: all:7:Problem B.1.
2017-02-10T06:25:02+00:00 cs42016vm#01 I: Test all:7:Problem B.1 is successful.
2017-02-10T06:25:02+00:00 cs42016vm#00 I: 1 tests running: all:7:Problem B.1.
2017-02-10T06:25:02+00:00 cs42016vm#01 I: End test all:7:Problem B.1.
2017-02-10T06:25:02+00:00 cs42016vm#00 I: 1 tests running: all:7:Problem B.1.
2017-02-10T06:25:02+00:00 cs42016vm#00 I: 1 tests running: all:8:Problem B.4.
2017-02-10T06:25:02+00:00 cs42016vm#01 I: Start test all:8:Problem B.4.
2017-02-10T06:25:02+00:00 cs42016vm#00 I: 1 tests running: all:8:Problem B.4.
2017-02-10T06:25:02+00:00 cs42016vm#01 I: Test all:8:Problem B.4 is successful.
2017-02-10T06:25:02+00:00 cs42016vm#00 I: 1 tests running: all:8:Problem B.4.
2017-02-10T06:25:02+00:00 cs42016vm#01 I: End test all:8:Problem B.4.
2017-02-10T06:25:02+00:00 cs42016vm#00 I: 1 tests running: all:8:Problem B.4.
2017-02-10T06:25:02+00:00 cs42016vm#00 I: 1 tests running: all:9:Problem C.1.
2017-02-10T06:25:02+00:00 cs42016vm#01 I: Start test all:9:Problem C.1.
2017-02-10T06:25:02+00:00 cs42016vm#00 I: 1 tests running: all:9:Problem C.1.
2017-02-10T06:25:02+00:00 cs42016vm#01 I: Test all:9:Problem C.1 is successful.
2017-02-10T06:25:02+00:00 cs42016vm#00 I: 1 tests running: all:9:Problem C.1.
2017-02-10T06:25:02+00:00 cs42016vm#01 I: End test all:9:Problem C.1.
2017-02-10T06:25:02+00:00 cs42016vm#00 I: 1 tests running: all:9:Problem C.1.
2017-02-10T06:25:02+00:00 cs42016vm#00 I: Still 1 tests running : all:10:Problem C.2.
2017-02-10T06:25:02+00:00 cs42016vm#00 I: 1 tests running: all:10:Problem C.2.
2017-02-10T06:25:02+00:00 cs42016vm#01 I: Start test all:10:Problem C.2.
2017-02-10T06:25:02+00:00 cs42016vm#00 I: Still 1 tests running : all:10:Problem C.2.
2017-02-10T06:25:02+00:00 cs42016vm#00 I: 1 tests running: all:10:Problem C.2.
2017-02-10T06:25:02+00:00 cs42016vm#01 I: Test all:10:Problem C.2 is successful.
2017-02-10T06:25:02+00:00 cs42016vm#00 I: Still 1 tests running : all:10:Problem C.2.
2017-02-10T06:25:02+00:00 cs42016vm#00 I: 1 tests running: all:10:Problem C.2.
2017-02-10T06:25:02+00:00 cs42016vm#01 I: End test all:10:Problem C.2.
2017-02-10T06:25:02+00:00 cs42016vm#00 I: Still 1 tests running : all:10:Problem C.2.
2017-02-10T06:25:02+00:00 cs42016vm#00 I: 1 tests running: all:10:Problem C.2.
2017-02-10T06:25:02+00:00 cs42016vm#00 I: 0 tests running: .
2017-02-10T06:25:02+00:00 cs42016vm#00 I: Worker cs42016vm#01 has ended.
2017-02-10T06:25:02+00:00 cs42016vm#00 I: Used 1 worker during test execution.
2017-02-10T06:25:02+00:00 cs42016vm#00 I: Run 11 tests with shard cs42016vm#01.
2017-02-10T06:25:02+00:00 cs42016vm#00 I: ==============
2017-02-10T06:25:02+00:00 cs42016vm#00 I: Summary:
2017-02-10T06:25:02+00:00 cs42016vm#00 I: Test all:10:Problem C.2 is successful.
2017-02-10T06:25:02+00:00 cs42016vm#00 I: Test all:9:Problem C.1 is successful.
2017-02-10T06:25:02+00:00 cs42016vm#00 I: Test all:8:Problem B.4 is successful.
2017-02-10T06:25:02+00:00 cs42016vm#00 I: Test all:7:Problem B.1 is successful.
2017-02-10T06:25:02+00:00 cs42016vm#00 I: Test all:6:Problem A.7 is successful.
2017-02-10T06:25:02+00:00 cs42016vm#00 I: Test all:5:Problem A.6 is successful.
2017-02-10T06:25:02+00:00 cs42016vm#00 I: Test all:4:Problem A.5 is successful.
2017-02-10T06:25:02+00:00 cs42016vm#00 I: Test all:3:Problem A.4 is successful.
2017-02-10T06:25:02+00:00 cs42016vm#00 I: Test all:2:Problem A.3 is successful.
2017-02-10T06:25:02+00:00 cs42016vm#00 I: Test all:1:Problem A.2 is successful.
2017-02-10T06:25:02+00:00 cs42016vm#00 I: Test all:0:Problem A.1 is successful.
2017-02-10T06:25:02+00:00 cs42016vm#00 I: Ran: 11 tests in: 0.11 seconds.
2017-02-10T06:25:02+00:00 cs42016vm#00 I: Cases: 11.
2017-02-10T06:25:02+00:00 cs42016vm#00 I: Tried: 11.
2017-02-10T06:25:02+00:00 cs42016vm#00 I: Errors: 0.
2017-02-10T06:25:02+00:00 cs42016vm#00 I: Failures: 0.
2017-02-10T06:25:02+00:00 cs42016vm#00 I: Skip: 0.
2017-02-10T06:25:02+00:00 cs42016vm#00 I: Todo: 0.
2017-02-10T06:25:02+00:00 cs42016vm#00 I: Timeout: 0.
