2017-02-01T05:40:18+00:00 cs42016vm#01 I: Start test all:0:make_point/get_coords.
2017-02-01T05:40:18+00:00 cs42016vm#01 I: Test all:0:make_point/get_coords is successful.
2017-02-01T05:40:18+00:00 cs42016vm#01 I: End test all:0:make_point/get_coords.
2017-02-01T05:40:18+00:00 cs42016vm#01 I: Start test all:1:make_segment/get_points.
2017-02-01T05:40:18+00:00 cs42016vm#01 I: Test all:1:make_segment/get_points is successful.
2017-02-01T05:40:18+00:00 cs42016vm#01 I: End test all:1:make_segment/get_points.
2017-02-01T05:40:18+00:00 cs42016vm#01 I: Start test all:2:segment_length.
2017-02-01T05:40:18+00:00 cs42016vm#01 I: Test all:2:segment_length is successful.
2017-02-01T05:40:18+00:00 cs42016vm#01 I: End test all:2:segment_length.
2017-02-01T05:40:18+00:00 cs42016vm#01 I: Start test all:3:midpoint_segment.
2017-02-01T05:40:18+00:00 cs42016vm#01 I: Test all:3:midpoint_segment is successful.
2017-02-01T05:40:18+00:00 cs42016vm#01 I: End test all:3:midpoint_segment.
2017-02-01T05:40:18+00:00 cs42016vm#01 I: Start test all:4:integer pairs.
2017-02-01T05:40:18+00:00 cs42016vm#01 I: Test all:4:integer pairs is successful.
2017-02-01T05:40:18+00:00 cs42016vm#01 I: End test all:4:integer pairs.
2017-02-01T05:40:18+00:00 cs42016vm#01 I: Start test all:5:unary integers.
2017-02-01T05:40:18+00:00 cs42016vm#01 I: Test all:5:unary integers is successful.
2017-02-01T05:40:18+00:00 cs42016vm#01 I: End test all:5:unary integers.
2017-02-01T05:40:18+00:00 cs42016vm#01 I: Start test all:6:unary integers2.
2017-02-01T05:40:18+00:00 cs42016vm#01 I: Test all:6:unary integers2 is successful.
2017-02-01T05:40:18+00:00 cs42016vm#01 I: End test all:6:unary integers2.
2017-02-01T05:40:18+00:00 cs42016vm#01 I: Start test all:7:last_sublist.
2017-02-01T05:40:18+00:00 cs42016vm#01 I: Test all:7:last_sublist is successful.
2017-02-01T05:40:18+00:00 cs42016vm#01 I: End test all:7:last_sublist.
2017-02-01T05:40:18+00:00 cs42016vm#01 I: Start test all:8:reverse.
2017-02-01T05:40:18+00:00 cs42016vm#01 I: Test all:8:reverse is successful.
2017-02-01T05:40:18+00:00 cs42016vm#01 I: End test all:8:reverse.
2017-02-01T05:40:18+00:00 cs42016vm#01 I: Start test all:9:count_negative_numbers.
2017-02-01T05:40:18+00:00 cs42016vm#01 I: Test all:9:count_negative_numbers is successful.
2017-02-01T05:40:18+00:00 cs42016vm#01 I: End test all:9:count_negative_numbers.
2017-02-01T05:40:18+00:00 cs42016vm#01 I: Start test all:10:power_of_two_list.
2017-02-01T05:40:18+00:00 cs42016vm#01 I: Test all:10:power_of_two_list is successful.
2017-02-01T05:40:18+00:00 cs42016vm#01 I: End test all:10:power_of_two_list.
2017-02-01T05:40:18+00:00 cs42016vm#01 I: Start test all:11:prefix_sum.
2017-02-01T05:40:18+00:00 cs42016vm#01 I: Test all:11:prefix_sum is successful.
2017-02-01T05:40:18+00:00 cs42016vm#01 I: End test all:11:prefix_sum.
2017-02-01T05:40:18+00:00 cs42016vm#01 I: Start test all:12:deep_reverse.
2017-02-01T05:40:18+00:00 cs42016vm#01 I: Test all:12:deep_reverse is successful.
2017-02-01T05:40:18+00:00 cs42016vm#01 I: End test all:12:deep_reverse.
2017-02-01T05:40:18+00:00 cs42016vm#01 I: Start test all:13:deep_reverse_nested.
2017-02-01T05:40:18+00:00 cs42016vm#01 I: Test all:13:deep_reverse_nested is successful.
2017-02-01T05:40:18+00:00 cs42016vm#01 I: End test all:13:deep_reverse_nested.
