2017-02-17T07:06:36+00:00 cs42016vm#00 I: Runner: processes
2017-02-17T07:06:36+00:00 cs42016vm#00 I: Chooser: simple
2017-02-17T07:06:36+00:00 cs42016vm#00 I: Configuration suite_name = "all"
2017-02-17T07:06:36+00:00 cs42016vm#00 I: Configuration cache_filename = "/home/student/Desktop/CS4/Midterm/oUnit-$(suite_name).cache"
2017-02-17T07:06:36+00:00 cs42016vm#00 I: Configuration display = "true"
2017-02-17T07:06:36+00:00 cs42016vm#00 I: Configuration results_style_1_X = "false"
2017-02-17T07:06:36+00:00 cs42016vm#00 I: Configuration verbose = "false"
2017-02-17T07:06:36+00:00 cs42016vm#00 I: Configuration health_check_interval = "1."
2017-02-17T07:06:36+00:00 cs42016vm#00 I: Configuration testdata_dir = "none"
2017-02-17T07:06:36+00:00 cs42016vm#00 I: Configuration chooser = "simple"
2017-02-17T07:06:36+00:00 cs42016vm#00 I: Configuration output_html_dir = "none"
2017-02-17T07:06:36+00:00 cs42016vm#00 I: Configuration processes_kill_period = "5."
2017-02-17T07:06:36+00:00 cs42016vm#00 I: Configuration runner = "processes"
2017-02-17T07:06:36+00:00 cs42016vm#00 I: Configuration shards = "1"
2017-02-17T07:06:36+00:00 cs42016vm#00 I: Configuration processes_grace_period = "5."
2017-02-17T07:06:36+00:00 cs42016vm#00 I: Configuration log_encoding = "utf-8"
2017-02-17T07:06:36+00:00 cs42016vm#00 I: Configuration output_junit_file = "none"
2017-02-17T07:06:36+00:00 cs42016vm#00 I: Configuration output_file = "/home/student/Desktop/CS4/Midterm/oUnit-$(suite_name)-$(shard_id).log"
2017-02-17T07:06:36+00:00 cs42016vm#00 I: Using 1 workers maximum.
2017-02-17T07:06:36+00:00 cs42016vm#00 I: Starting worker number cs42016vm#01.
2017-02-17T07:06:36+00:00 cs42016vm#00 I: Worker cs42016vm#01 started.
2017-02-17T07:06:36+00:00 cs42016vm#00 I: 1 tests running: all:0:Problem 2.1: split.
2017-02-17T07:06:36+00:00 cs42016vm#01 I: Start test all:0:Problem 2.1: split.
2017-02-17T07:06:36+00:00 cs42016vm#00 I: 1 tests running: all:0:Problem 2.1: split.
2017-02-17T07:06:36+00:00 cs42016vm#01 I: Test all:0:Problem 2.1: split is successful.
2017-02-17T07:06:36+00:00 cs42016vm#00 I: 1 tests running: all:0:Problem 2.1: split.
2017-02-17T07:06:36+00:00 cs42016vm#01 I: End test all:0:Problem 2.1: split.
2017-02-17T07:06:36+00:00 cs42016vm#00 I: 1 tests running: all:0:Problem 2.1: split.
2017-02-17T07:06:36+00:00 cs42016vm#00 I: 1 tests running: all:1:Problem 2.1: groupN.
2017-02-17T07:06:36+00:00 cs42016vm#01 I: Start test all:1:Problem 2.1: groupN.
2017-02-17T07:06:36+00:00 cs42016vm#00 I: 1 tests running: all:1:Problem 2.1: groupN.
2017-02-17T07:06:36+00:00 cs42016vm#01 I: Test all:1:Problem 2.1: groupN is successful.
2017-02-17T07:06:36+00:00 cs42016vm#00 I: 1 tests running: all:1:Problem 2.1: groupN.
2017-02-17T07:06:36+00:00 cs42016vm#01 I: End test all:1:Problem 2.1: groupN.
2017-02-17T07:06:36+00:00 cs42016vm#00 I: 1 tests running: all:1:Problem 2.1: groupN.
2017-02-17T07:06:36+00:00 cs42016vm#00 I: 1 tests running: all:2:Problem 2.2: even_and_odd_halves_rec.
2017-02-17T07:06:36+00:00 cs42016vm#01 I: Start test all:2:Problem 2.2: even_and_odd_halves_rec.
2017-02-17T07:06:36+00:00 cs42016vm#00 I: 1 tests running: all:2:Problem 2.2: even_and_odd_halves_rec.
2017-02-17T07:06:36+00:00 cs42016vm#01 I: Test all:2:Problem 2.2: even_and_odd_halves_rec is successful.
2017-02-17T07:06:36+00:00 cs42016vm#00 I: 1 tests running: all:2:Problem 2.2: even_and_odd_halves_rec.
2017-02-17T07:06:36+00:00 cs42016vm#01 I: End test all:2:Problem 2.2: even_and_odd_halves_rec.
2017-02-17T07:06:36+00:00 cs42016vm#00 I: 1 tests running: all:2:Problem 2.2: even_and_odd_halves_rec.
2017-02-17T07:06:36+00:00 cs42016vm#00 I: 1 tests running: all:3:Problem 2.2: even_and_odd_halves_iter.
2017-02-17T07:06:36+00:00 cs42016vm#01 I: Start test all:3:Problem 2.2: even_and_odd_halves_iter.
2017-02-17T07:06:36+00:00 cs42016vm#00 I: 1 tests running: all:3:Problem 2.2: even_and_odd_halves_iter.
2017-02-17T07:06:36+00:00 cs42016vm#01 I: Test all:3:Problem 2.2: even_and_odd_halves_iter is successful.
2017-02-17T07:06:36+00:00 cs42016vm#00 I: 1 tests running: all:3:Problem 2.2: even_and_odd_halves_iter.
2017-02-17T07:06:36+00:00 cs42016vm#01 I: End test all:3:Problem 2.2: even_and_odd_halves_iter.
2017-02-17T07:06:36+00:00 cs42016vm#00 I: 1 tests running: all:3:Problem 2.2: even_and_odd_halves_iter.
2017-02-17T07:06:36+00:00 cs42016vm#00 I: 1 tests running: all:4:Problem 2.2: merge_sort.
2017-02-17T07:06:36+00:00 cs42016vm#01 I: Start test all:4:Problem 2.2: merge_sort.
2017-02-17T07:06:36+00:00 cs42016vm#00 I: 1 tests running: all:4:Problem 2.2: merge_sort.
2017-02-17T07:06:36+00:00 cs42016vm#01 I: Test all:4:Problem 2.2: merge_sort is successful.
2017-02-17T07:06:36+00:00 cs42016vm#00 I: 1 tests running: all:4:Problem 2.2: merge_sort.
2017-02-17T07:06:36+00:00 cs42016vm#01 I: End test all:4:Problem 2.2: merge_sort.
2017-02-17T07:06:36+00:00 cs42016vm#00 I: 1 tests running: all:4:Problem 2.2: merge_sort.
2017-02-17T07:06:36+00:00 cs42016vm#00 I: 1 tests running: all:5:Problem 2.3: bubble.
2017-02-17T07:06:36+00:00 cs42016vm#01 I: Start test all:5:Problem 2.3: bubble.
2017-02-17T07:06:36+00:00 cs42016vm#00 I: 1 tests running: all:5:Problem 2.3: bubble.
2017-02-17T07:06:36+00:00 cs42016vm#01 I: Test all:5:Problem 2.3: bubble is successful.
2017-02-17T07:06:36+00:00 cs42016vm#00 I: 1 tests running: all:5:Problem 2.3: bubble.
2017-02-17T07:06:36+00:00 cs42016vm#01 I: End test all:5:Problem 2.3: bubble.
2017-02-17T07:06:36+00:00 cs42016vm#00 I: 1 tests running: all:5:Problem 2.3: bubble.
2017-02-17T07:06:36+00:00 cs42016vm#00 I: 1 tests running: all:6:Problem 2.3: bubble2.
2017-02-17T07:06:36+00:00 cs42016vm#01 I: Start test all:6:Problem 2.3: bubble2.
2017-02-17T07:06:36+00:00 cs42016vm#00 I: 1 tests running: all:6:Problem 2.3: bubble2.
2017-02-17T07:06:36+00:00 cs42016vm#01 I: Test all:6:Problem 2.3: bubble2 is successful.
2017-02-17T07:06:36+00:00 cs42016vm#00 I: 1 tests running: all:6:Problem 2.3: bubble2.
2017-02-17T07:06:36+00:00 cs42016vm#01 I: End test all:6:Problem 2.3: bubble2.
2017-02-17T07:06:36+00:00 cs42016vm#00 I: 1 tests running: all:6:Problem 2.3: bubble2.
2017-02-17T07:06:36+00:00 cs42016vm#00 I: 1 tests running: all:7:Problem 2.3: bubble_sort.
2017-02-17T07:06:36+00:00 cs42016vm#01 I: Start test all:7:Problem 2.3: bubble_sort.
2017-02-17T07:06:36+00:00 cs42016vm#00 I: 1 tests running: all:7:Problem 2.3: bubble_sort.
2017-02-17T07:06:36+00:00 cs42016vm#01 I: Test all:7:Problem 2.3: bubble_sort is successful.
2017-02-17T07:06:36+00:00 cs42016vm#00 I: 1 tests running: all:7:Problem 2.3: bubble_sort.
2017-02-17T07:06:36+00:00 cs42016vm#01 I: End test all:7:Problem 2.3: bubble_sort.
2017-02-17T07:06:36+00:00 cs42016vm#00 I: 1 tests running: all:7:Problem 2.3: bubble_sort.
2017-02-17T07:06:36+00:00 cs42016vm#00 I: 1 tests running: all:8:Problem 3.1: zipWith.
2017-02-17T07:06:36+00:00 cs42016vm#01 I: Start test all:8:Problem 3.1: zipWith.
2017-02-17T07:06:36+00:00 cs42016vm#00 I: 1 tests running: all:8:Problem 3.1: zipWith.
2017-02-17T07:06:36+00:00 cs42016vm#01 I: Test all:8:Problem 3.1: zipWith is successful.
2017-02-17T07:06:36+00:00 cs42016vm#00 I: 1 tests running: all:8:Problem 3.1: zipWith.
2017-02-17T07:06:36+00:00 cs42016vm#01 I: End test all:8:Problem 3.1: zipWith.
2017-02-17T07:06:36+00:00 cs42016vm#00 I: 1 tests running: all:8:Problem 3.1: zipWith.
2017-02-17T07:06:36+00:00 cs42016vm#00 I: 1 tests running: all:9:Problem 3.2: euler_solve_de.
2017-02-17T07:06:36+00:00 cs42016vm#01 I: Start test all:9:Problem 3.2: euler_solve_de.
2017-02-17T07:06:36+00:00 cs42016vm#00 I: 1 tests running: all:9:Problem 3.2: euler_solve_de.
2017-02-17T07:06:37+00:00 cs42016vm#00 I: 1 tests running: all:9:Problem 3.2: euler_solve_de.
2017-02-17T07:06:37+00:00 cs42016vm#01 I: Test all:9:Problem 3.2: euler_solve_de is successful.
2017-02-17T07:06:37+00:00 cs42016vm#00 I: 1 tests running: all:9:Problem 3.2: euler_solve_de.
2017-02-17T07:06:37+00:00 cs42016vm#01 I: End test all:9:Problem 3.2: euler_solve_de.
2017-02-17T07:06:37+00:00 cs42016vm#00 I: 1 tests running: all:9:Problem 3.2: euler_solve_de.
2017-02-17T07:06:37+00:00 cs42016vm#00 I: 1 tests running: all:10:Problem 3.3: iterative_improve.
2017-02-17T07:06:37+00:00 cs42016vm#01 I: Start test all:10:Problem 3.3: iterative_improve.
2017-02-17T07:06:37+00:00 cs42016vm#00 I: 1 tests running: all:10:Problem 3.3: iterative_improve.
2017-02-17T07:06:37+00:00 cs42016vm#01 I: Test all:10:Problem 3.3: iterative_improve is successful.
2017-02-17T07:06:37+00:00 cs42016vm#00 I: 1 tests running: all:10:Problem 3.3: iterative_improve.
2017-02-17T07:06:37+00:00 cs42016vm#01 I: End test all:10:Problem 3.3: iterative_improve.
2017-02-17T07:06:37+00:00 cs42016vm#00 I: 1 tests running: all:10:Problem 3.3: iterative_improve.
2017-02-17T07:06:37+00:00 cs42016vm#00 I: 1 tests running: all:11:Problem 4.1: tree_search.
2017-02-17T07:06:37+00:00 cs42016vm#01 I: Start test all:11:Problem 4.1: tree_search.
2017-02-17T07:06:37+00:00 cs42016vm#00 I: 1 tests running: all:11:Problem 4.1: tree_search.
2017-02-17T07:06:37+00:00 cs42016vm#01 I: Test all:11:Problem 4.1: tree_search is successful.
2017-02-17T07:06:37+00:00 cs42016vm#00 I: 1 tests running: all:11:Problem 4.1: tree_search.
2017-02-17T07:06:37+00:00 cs42016vm#01 I: End test all:11:Problem 4.1: tree_search.
2017-02-17T07:06:37+00:00 cs42016vm#00 I: 1 tests running: all:11:Problem 4.1: tree_search.
2017-02-17T07:06:37+00:00 cs42016vm#00 I: Still 1 tests running : all:12:Problem 4.2: insert_helper.
2017-02-17T07:06:37+00:00 cs42016vm#00 I: 1 tests running: all:12:Problem 4.2: insert_helper.
2017-02-17T07:06:37+00:00 cs42016vm#01 I: Start test all:12:Problem 4.2: insert_helper.
2017-02-17T07:06:37+00:00 cs42016vm#00 I: Still 1 tests running : all:12:Problem 4.2: insert_helper.
2017-02-17T07:06:37+00:00 cs42016vm#00 I: 1 tests running: all:12:Problem 4.2: insert_helper.
2017-02-17T07:06:37+00:00 cs42016vm#01 I: Test all:12:Problem 4.2: insert_helper is successful.
2017-02-17T07:06:37+00:00 cs42016vm#00 I: Still 1 tests running : all:12:Problem 4.2: insert_helper.
2017-02-17T07:06:37+00:00 cs42016vm#00 I: 1 tests running: all:12:Problem 4.2: insert_helper.
2017-02-17T07:06:37+00:00 cs42016vm#01 I: End test all:12:Problem 4.2: insert_helper.
2017-02-17T07:06:37+00:00 cs42016vm#00 I: Still 1 tests running : all:12:Problem 4.2: insert_helper.
2017-02-17T07:06:37+00:00 cs42016vm#00 I: 1 tests running: all:12:Problem 4.2: insert_helper.
2017-02-17T07:06:37+00:00 cs42016vm#00 I: 0 tests running: .
2017-02-17T07:06:37+00:00 cs42016vm#00 I: Worker cs42016vm#01 has ended.
2017-02-17T07:06:37+00:00 cs42016vm#00 I: Used 1 worker during test execution.
2017-02-17T07:06:37+00:00 cs42016vm#00 I: Run 13 tests with shard cs42016vm#01.
2017-02-17T07:06:37+00:00 cs42016vm#00 I: Check health of shard cs42016vm#01, 1 times.
2017-02-17T07:06:37+00:00 cs42016vm#00 I: ==============
2017-02-17T07:06:37+00:00 cs42016vm#00 I: Summary:
2017-02-17T07:06:37+00:00 cs42016vm#00 I: Test all:12:Problem 4.2: insert_helper is successful.
2017-02-17T07:06:37+00:00 cs42016vm#00 I: Test all:11:Problem 4.1: tree_search is successful.
2017-02-17T07:06:37+00:00 cs42016vm#00 I: Test all:10:Problem 3.3: iterative_improve is successful.
2017-02-17T07:06:37+00:00 cs42016vm#00 I: Test all:9:Problem 3.2: euler_solve_de is successful.
2017-02-17T07:06:37+00:00 cs42016vm#00 I: Test all:8:Problem 3.1: zipWith is successful.
2017-02-17T07:06:37+00:00 cs42016vm#00 I: Test all:7:Problem 2.3: bubble_sort is successful.
2017-02-17T07:06:37+00:00 cs42016vm#00 I: Test all:6:Problem 2.3: bubble2 is successful.
2017-02-17T07:06:37+00:00 cs42016vm#00 I: Test all:5:Problem 2.3: bubble is successful.
2017-02-17T07:06:37+00:00 cs42016vm#00 I: Test all:4:Problem 2.2: merge_sort is successful.
2017-02-17T07:06:37+00:00 cs42016vm#00 I: Test all:3:Problem 2.2: even_and_odd_halves_iter is successful.
2017-02-17T07:06:37+00:00 cs42016vm#00 I: Test all:2:Problem 2.2: even_and_odd_halves_rec is successful.
2017-02-17T07:06:37+00:00 cs42016vm#00 I: Test all:1:Problem 2.1: groupN is successful.
2017-02-17T07:06:37+00:00 cs42016vm#00 I: Test all:0:Problem 2.1: split is successful.
2017-02-17T07:06:37+00:00 cs42016vm#00 I: Ran: 13 tests in: 1.32 seconds.
2017-02-17T07:06:37+00:00 cs42016vm#00 I: Cases: 13.
2017-02-17T07:06:37+00:00 cs42016vm#00 I: Tried: 13.
2017-02-17T07:06:37+00:00 cs42016vm#00 I: Errors: 0.
2017-02-17T07:06:37+00:00 cs42016vm#00 I: Failures: 0.
2017-02-17T07:06:37+00:00 cs42016vm#00 I: Skip: 0.
2017-02-17T07:06:37+00:00 cs42016vm#00 I: Todo: 0.
2017-02-17T07:06:37+00:00 cs42016vm#00 I: Timeout: 0.
